Sjasm Z80 Assembler v0.42c - www.xl2s.tk             [2023.11.26 - 08:24:33]

mapa.asm
Errors: 0

       1   00:0000                      
       2   00:0000                      SCREEN_0_0:
       3   00:0000                      	DB  0x0, 0x1, 0x2, 0x3, 0x4, 0x5, 0x6, 0x7, 0x8, 0x9, 0xa, 0xb, 0xc, 0xd, 0xe, 0xf,0x10,0x11,0x12,0x13,0x14,0x15,0x16,0x17,0x18,0x19,0x1a,0x1b,0x1c,0x1d,0x1e,0x1f
       3   00:0000  00 01 02 03 04 05 06 07 08 09 0A 0B 0C 0D 0E 0F 
       3   00:0010  10 11 12 13 14 15 16 17 18 19 1A 1B 1C 1D 1E 1F 
       4   00:0020                      	DB 0x20,0x21,0x22,0x23,0x24,0x25,0x26,0x27,0x28,0x29,0x2a,0x2b,0x2c,0x2d,0x2e,0x2f,0x30,0x31,0x32,0x33,0x34,0x35,0x36,0x37,0x38,0x39,0x3a,0x3b,0x3c,0x3d,0x3e,0x3f
       4   00:0020  20 21 22 23 24 25 26 27 28 29 2A 2B 2C 2D 2E 2F 
       4   00:0030  30 31 32 33 34 35 36 37 38 39 3A 3B 3C 3D 3E 3F 
       5   00:0040                      	DB 0x40,0x41,0x42,0x43,0x44,0x45,0x46,0x47,0x48,0x49,0x4a,0x4b,0x4c,0x4d,0x4e,0x4f,0x50,0x51,0x52,0x53,0x54,0x55,0x56,0x57,0x58,0x59,0x5a,0x5b,0x5c,0x5d,0x5e,0x5f
       5   00:0040  40 41 42 43 44 45 46 47 48 49 4A 4B 4C 4D 4E 4F 
       5   00:0050  50 51 52 53 54 55 56 57 58 59 5A 5B 5C 5D 5E 5F 
       6   00:0060                      	DB 0x60,0x61,0x62,0x63,0x64,0x65,0x66,0x67,0x68,0x69,0x6a,0x6b,0x6c,0x6d,0x6e,0x6f,0x70,0x71,0x72,0x73,0x74,0x75,0x76,0x77,0x78,0x79,0x7a,0x7b,0x7c,0x7d,0x7e,0x7f
       6   00:0060  60 61 62 63 64 65 66 67 68 69 6A 6B 6C 6D 6E 6F 
       6   00:0070  70 71 72 73 74 75 76 77 78 79 7A 7B 7C 7D 7E 7F 
       7   00:0080                      	DB 0x80,0x81,0x82,0x83,0x84,0x85,0x86,0x87,0x88,0x89,0x8a,0x8b,0x8c,0x8d,0x8e,0x8f,0x90,0x91,0x92,0x93,0x94,0x95,0x96,0x97,0x98,0x99,0x9a,0x9b,0x9c,0x9d,0x9e,0x9f
       7   00:0080  80 81 82 83 84 85 86 87 88 89 8A 8B 8C 8D 8E 8F 
       7   00:0090  90 91 92 93 94 95 96 97 98 99 9A 9B 9C 9D 9E 9F 
       8   00:00A0                      	DB 0xa0,0xa1,0xa2,0xa3,0xa4,0xa5,0xa6,0xa7,0xa8,0xa9,0xaa,0xab,0xac,0xad,0xae,0xaf,0xb0,0xb1,0xb2,0xb3,0xb4,0xb5,0xb6,0xb7,0xb8,0xb9,0xba,0xbb,0xbc,0xbd,0xbe,0xbf
       8   00:00A0  A0 A1 A2 A3 A4 A5 A6 A7 A8 A9 AA AB AC AD AE AF 
       8   00:00B0  B0 B1 B2 B3 B4 B5 B6 B7 B8 B9 BA BB BC BD BE BF 
       9   00:00C0                      	DB 0xc0,0xc1,0xc2,0xc3,0xc4,0xc5,0xc6,0xc7,0xc8,0xc9,0xca,0xcb,0xcc,0xcd,0xce,0xcf,0xd0,0xd1,0xd2,0xd3,0xd4,0xd5,0xd6,0xd7,0xd8,0xd9,0xda,0xdb,0xdc,0xdd,0xde,0xdf
       9   00:00C0  C0 C1 C2 C3 C4 C5 C6 C7 C8 C9 CA CB CC CD CE CF 
       9   00:00D0  D0 D1 D2 D3 D4 D5 D6 D7 D8 D9 DA DB DC DD DE DF 
      10   00:00E0                      	DB 0xe0,0xe1,0xe2,0xe3,0xe4,0xe5,0xe6,0xe7,0xe8,0xe9,0xea,0xeb,0xec,0xed,0xee,0xef,0xf0,0xf1,0xf2,0xf3,0xf4,0xf5,0xf6,0xf7,0xf8,0xf9,0xfa,0xfb,0xfc,0xfd,0xfe,0xff
      10   00:00E0  E0 E1 E2 E3 E4 E5 E6 E7 E8 E9 EA EB EC ED EE EF 
      10   00:00F0  F0 F1 F2 F3 F4 F5 F6 F7 F8 F9 FA FB FC FD FE FF 
      11   00:0100                      	DB  0x0, 0x1, 0x2, 0x3, 0x4, 0x5, 0x6, 0x7, 0x8, 0x9, 0xa, 0xb, 0xc, 0xd, 0xe, 0xf,0x10,0x11,0x12,0x13,0x14,0x15,0x16,0x17,0x18,0x19,0x1a,0x1b,0x1c,0x1d,0x1e,0x1f
      11   00:0100  00 01 02 03 04 05 06 07 08 09 0A 0B 0C 0D 0E 0F 
      11   00:0110  10 11 12 13 14 15 16 17 18 19 1A 1B 1C 1D 1E 1F 
      12   00:0120                      	DB 0x20,0x21,0x22,0x23,0x24,0x25,0x26,0x27,0x28,0x29,0x2a,0x2b,0x2c,0x2d,0x2e,0x2f,0x30,0x31,0x32,0x33,0x34,0x35,0x36,0x37,0x38,0x39,0x3a,0x3b,0x3c,0x3d,0x3e,0x3f
      12   00:0120  20 21 22 23 24 25 26 27 28 29 2A 2B 2C 2D 2E 2F 
      12   00:0130  30 31 32 33 34 35 36 37 38 39 3A 3B 3C 3D 3E 3F 
      13   00:0140                      	DB 0x40,0x41,0x42,0x43,0x44,0x45,0x46,0x47,0x48,0x49,0x4a,0x4b,0x4c,0x4d,0x4e,0x4f,0x50,0x51,0x52,0x53,0x54,0x55,0x56,0x57,0x58,0x59,0x5a,0x5b,0x5c,0x5d,0x5e,0x5f
      13   00:0140  40 41 42 43 44 45 46 47 48 49 4A 4B 4C 4D 4E 4F 
      13   00:0150  50 51 52 53 54 55 56 57 58 59 5A 5B 5C 5D 5E 5F 
      14   00:0160                      	DB 0x60,0x61,0x62,0x63,0x64,0x65,0x66,0x67,0x68,0x69,0x6a,0x6b,0x6c,0x6d,0x6e,0x6f,0x70,0x71,0x72,0x73,0x74,0x75,0x76,0x77,0x78,0x79,0x7a,0x7b,0x7c,0x7d,0x7e,0x7f
      14   00:0160  60 61 62 63 64 65 66 67 68 69 6A 6B 6C 6D 6E 6F 
      14   00:0170  70 71 72 73 74 75 76 77 78 79 7A 7B 7C 7D 7E 7F 
      15   00:0180                      	DB 0x80,0x81,0x82,0x83,0x84,0x85,0x86,0x87,0x88,0x89,0x8a,0x8b,0x8c,0x8d,0x8e,0x8f,0x90,0x91,0x92,0x93,0x94,0x95,0x96,0x97,0x98,0x99,0x9a,0x9b,0x9c,0x9d,0x9e,0x9f
      15   00:0180  80 81 82 83 84 85 86 87 88 89 8A 8B 8C 8D 8E 8F 
      15   00:0190  90 91 92 93 94 95 96 97 98 99 9A 9B 9C 9D 9E 9F 
      16   00:01A0                      	DB 0xa0,0xa1,0xa2,0xa3,0xa4,0xa5,0xa6,0xa7,0xa8,0xa9,0xaa,0xab,0xac,0xad,0xae,0xaf,0xb0,0xb1,0xb2,0xb3,0xb4,0xb5,0xb6,0xb7,0xb8,0xb9,0xba,0xbb,0xbc,0xbd,0xbe,0xbf
      16   00:01A0  A0 A1 A2 A3 A4 A5 A6 A7 A8 A9 AA AB AC AD AE AF 
      16   00:01B0  B0 B1 B2 B3 B4 B5 B6 B7 B8 B9 BA BB BC BD BE BF 
      17   00:01C0                      	DB 0xc0,0xc1,0xc2,0xc3,0xc4,0xc5,0xc6,0xc7,0xc8,0xc9,0xca,0xcb,0xcc,0xcd,0xce,0xcf,0xd0,0xd1,0xd2,0xd3,0xd4,0xd5,0xd6,0xd7,0xd8,0xd9,0xda,0xdb,0xdc,0xdd,0xde,0xdf
      17   00:01C0  C0 C1 C2 C3 C4 C5 C6 C7 C8 C9 CA CB CC CD CE CF 
      17   00:01D0  D0 D1 D2 D3 D4 D5 D6 D7 D8 D9 DA DB DC DD DE DF 
      18   00:01E0                      	DB 0xe0,0xe1,0xe2,0xe3,0xe4,0xe5,0xe6,0xe7,0xe8,0xe9,0xea,0xeb,0xec,0xed,0xee,0xef,0xf0,0xf1,0xf2,0xf3,0xf4,0xf5,0xf6,0xf7,0xf8,0xf9,0xfa,0xfb,0xfc,0xfd,0xfe,0xff
      18   00:01E0  E0 E1 E2 E3 E4 E5 E6 E7 E8 E9 EA EB EC ED EE EF 
      18   00:01F0  F0 F1 F2 F3 F4 F5 F6 F7 F8 F9 FA FB FC FD FE FF 
      19   00:0200                      	DB  0x0, 0x1, 0x2, 0x3, 0x4, 0x5, 0x6, 0x7, 0x8, 0x9, 0xa, 0xb, 0xc, 0xd, 0xe, 0xf,0x10,0x11,0x12,0x13,0x14,0x15,0x16,0x17,0x18,0x19,0x1a,0x1b,0x1c,0x1d,0x1e,0x1f
      19   00:0200  00 01 02 03 04 05 06 07 08 09 0A 0B 0C 0D 0E 0F 
      19   00:0210  10 11 12 13 14 15 16 17 18 19 1A 1B 1C 1D 1E 1F 
      20   00:0220                      	DB 0x20,0x21,0x22,0x23,0x24,0x25,0x26,0x27,0x28,0x29,0x2a,0x2b,0x2c,0x2d,0x2e,0x2f,0x30,0x31,0x32,0x33,0x34,0x35,0x36,0x37,0x38,0x39,0x3a,0x3b,0x3c,0x3d,0x3e,0x3f
      20   00:0220  20 21 22 23 24 25 26 27 28 29 2A 2B 2C 2D 2E 2F 
      20   00:0230  30 31 32 33 34 35 36 37 38 39 3A 3B 3C 3D 3E 3F 
      21   00:0240                      	DB 0x40,0x41,0x42,0x43,0x44,0x45,0x46,0x47,0x48,0x49,0x4a,0x4b,0x4c,0x4d,0x4e,0x4f,0x50,0x51,0x52,0x53,0x54,0x55,0x56,0x57,0x58,0x59,0x5a,0x5b,0x5c,0x5d,0x5e,0x5f
      21   00:0240  40 41 42 43 44 45 46 47 48 49 4A 4B 4C 4D 4E 4F 
      21   00:0250  50 51 52 53 54 55 56 57 58 59 5A 5B 5C 5D 5E 5F 
      22   00:0260                      	DB 0x60,0x61,0x62,0x63,0x64,0x65,0x66,0x67,0x68,0x69,0x6a,0x6b,0x6c,0x6d,0x6e,0x6f,0x70,0x71,0x72,0x73,0x74,0x75,0x76,0x77,0x78,0x79,0x7a,0x7b,0x7c,0x7d,0x7e,0x7f
      22   00:0260  60 61 62 63 64 65 66 67 68 69 6A 6B 6C 6D 6E 6F 
      22   00:0270  70 71 72 73 74 75 76 77 78 79 7A 7B 7C 7D 7E 7F 
      23   00:0280                      	DB 0x80,0x81,0x82,0x83,0x84,0x85,0x86,0x87,0x88,0x89,0x8a,0x8b,0x8c,0x8d,0x8e,0x8f,0x90,0x91,0x92,0x93,0x94,0x95,0x96,0x97,0x98,0x99,0x9a,0x9b,0x9c,0x9d,0x9e,0x9f
      23   00:0280  80 81 82 83 84 85 86 87 88 89 8A 8B 8C 8D 8E 8F 
      23   00:0290  90 91 92 93 94 95 96 97 98 99 9A 9B 9C 9D 9E 9F 
      24   00:02A0                      	DB 0xa0,0xa1,0xa2,0xa3,0xa4,0xa5,0xa6,0xa7,0xa8,0xa9,0xaa,0xab,0xac,0xad,0xae,0xaf,0xb0,0xb1,0xb2,0xb3,0xb4,0xb5,0xb6,0xb7,0xb8,0xb9,0xba,0xbb,0xbc,0xbd,0xbe,0xbf
      24   00:02A0  A0 A1 A2 A3 A4 A5 A6 A7 A8 A9 AA AB AC AD AE AF 
      24   00:02B0  B0 B1 B2 B3 B4 B5 B6 B7 B8 B9 BA BB BC BD BE BF 
      25   00:02C0                      	DB 0xc0,0xc1,0xc2,0xc3,0xc4,0xc5,0xc6,0xc7,0xc8,0xc9,0xca,0xcb,0xcc,0xcd,0xce,0xcf,0xd0,0xd1,0xd2,0xd3,0xd4,0xd5,0xd6,0xd7,0xd8,0xd9,0xda,0xdb,0xdc,0xdd,0xde,0xdf
      25   00:02C0  C0 C1 C2 C3 C4 C5 C6 C7 C8 C9 CA CB CC CD CE CF 
      25   00:02D0  D0 D1 D2 D3 D4 D5 D6 D7 D8 D9 DA DB DC DD DE DF 
      26   00:02E0                      	DB 0xe0,0xe1,0xe2,0xe3,0xe4,0xe5,0xe6,0xe7,0xe8,0xe9,0xea,0xeb,0xec,0xed,0xee,0xef,0xf0,0xf1,0xf2,0xf3,0xf4,0xf5,0xf6,0xf7,0xf8,0xf9,0xfa,0xfb,0xfc,0xfd,0xfe,0xff
      26   00:02E0  E0 E1 E2 E3 E4 E5 E6 E7 E8 E9 EA EB EC ED EE EF 
      26   00:02F0  F0 F1 F2 F3 F4 F5 F6 F7 F8 F9 FA FB FC FD FE FF 
      27   00:0300                      

    LABELS
-------------------------------------------------
00:00000000 X SCREEN_0_0


 Output: mapa.out
-------------------------------------------------

 Page: 00
  Org: 00000000  Size: *  Used: 00000300

   Address   Length Align   Label
   00000000     768         SCREEN_0_0
