Sjasm Z80 Assembler v0.42c - www.xl2s.tk             [2023.06.27 - 02:03:14]

assets\level1.asm
Errors: 0

       1   00:0000                      		 output level1.bin
       2   00:D000  FE                  	db   #fe
       3   00:D001  00 D0               	dw   INICIO 
       4   00:D003  00 DD               	dw   FINAL
       5   00:D005  00 D0               	dw   INICIO 
       6   00:D007                      	org  #d000 
       7   00:D000                      INICIO: 
       8   00:D000                      	db -1,-1,-1,-1,-1,-1,-1,-1,-1,-1,-1,-1,-1,-1,-1,-1,-1,-1,-1,-1,-1,-1,-1,-1,-1,-1,-1,-1,-1,-1,-1,-1,-1,-1,-1,-1,-1,-1,-1,-1,-1,-1,-1,-1,-1,-1,-1,-1,-1,-1,-1,-1,-1,-1,-1,-1,-1,-1,-1,-1,-1,-1,-1,-1,-1,-1,-1,-1,-1,-1,-1,-1,-1,-1,-1,-1,-1,-1,-1,-1,-1,-1,-1,-1,-1,-1,-1,-1,-1,-1,-1,-1,-1,-1,-1,-1,-1,-1,-1,-1,-1,-1,-1,-1,-1,-1,-1,-1,-1,-1,-1,-1,-1,-1,-1,-1,-1,-1,-1,-1,-1,-1,-1,-1,-1,-1,-1,-1,-1,-1,-1,-1,-1,-1,-1,-1,-1,-1,-1,-1,-1,-1,-1,-1,-1,-1,-1,-1,-1,-1,-1,-1,-1,-1,-1,-1,-1,-1,-1,-1,-1,-1,-1,-1,-1,-1,-1,-1,-1,-1,-1,-1,-1,-1,-1,-1,-1,-1,-1,-1,-1,-1,-1,-1,-1,-1,-1,-1,-1,-1,-1,-1,-1,-1,-1,-1,-1,-1,-1,-1,-1,-1,-1,-1,-1,-1,-1,-1,-1,-1,-1,-1,-1,-1,-1,-1,-1,-1,-1,-1,-1,-1,-1,-1,-1,-1,-1,-1,-1,-1,-1,-1,-1,-1,-1,-1,-1,-1,-1,-1,-1,-1,-1,-1,-1,-1,-1,-1,-1,-1,-1,-1,-1,-1,-1,-1
       8   00:D000  FF FF FF FF FF FF FF FF FF FF FF FF FF FF FF FF 
       8   00:D010  FF FF FF FF FF FF FF FF FF FF FF FF FF FF FF FF 
       8   00:D020  FF FF FF FF FF FF FF FF FF FF FF FF FF FF FF FF 
       8   00:D030  FF FF FF FF FF FF FF FF FF FF FF FF FF FF FF FF 
       8   00:D040  FF FF FF FF FF FF FF FF FF FF FF FF FF FF FF FF 
       8   00:D050  FF FF FF FF FF FF FF FF FF FF FF FF FF FF FF FF 
       8   00:D060  FF FF FF FF FF FF FF FF FF FF FF FF FF FF FF FF 
       8   00:D070  FF FF FF FF FF FF FF FF FF FF FF FF FF FF FF FF 
       8   00:D080  FF FF FF FF FF FF FF FF FF FF FF FF FF FF FF FF 
       8   00:D090  FF FF FF FF FF FF FF FF FF FF FF FF FF FF FF FF 
       8   00:D0A0  FF FF FF FF FF FF FF FF FF FF FF FF FF FF FF FF 
       8   00:D0B0  FF FF FF FF FF FF FF FF FF FF FF FF FF FF FF FF 
       8   00:D0C0  FF FF FF FF FF FF FF FF FF FF FF FF FF FF FF FF 
       8   00:D0D0  FF FF FF FF FF FF FF FF FF FF FF FF FF FF FF FF 
       8   00:D0E0  FF FF FF FF FF FF FF FF FF FF FF FF FF FF FF FF 
       8   00:D0F0  FF FF FF FF FF FF FF FF FF FF FF FF FF FF FF FF 
       9   00:D100                      	db -1,-1,-1,-1,-1,-1,-1,-1,-1,-1,-1,-1,-1,-1,-1,-1,-1,-1,-1,-1,-1,-1,-1,-1,-1,-1,-1,-1,-1,-1,-1,-1,-1,-1,-1,-1,-1,-1,-1,-1,-1,-1,-1,-1,-1,-1,-1,-1,-1,-1,-1,-1,-1,-1,-1,-1,-1,-1,-1,-1,-1,-1,-1,-1,-1,-1,-1,-1,-1,-1,-1,-1,-1,-1,-1,-1,-1,-1,-1,-1,-1,-1,-1,-1,-1,-1,-1,-1,-1,-1,-1,-1,-1,-1,-1,-1,-1,-1,-1,-1,-1,-1,-1,-1,-1,-1,-1,-1,-1,-1,-1,-1,-1,-1,-1,-1,-1,-1,-1,-1,-1,-1,-1,-1,-1,-1,-1,-1,-1,-1,-1,-1,-1,-1,-1,-1,-1,-1,-1,-1,-1,-1,-1,-1,-1,-1,-1,-1,-1,-1,-1,-1,-1,-1,-1,-1,-1,-1,-1,-1,-1,-1,-1,-1,-1,-1,-1,-1,-1,-1,-1,-1,-1,-1,-1,-1,-1,-1,-1,-1,-1,-1,-1,-1,-1,-1,-1,-1,-1,-1,-1,-1,-1,-1,-1,-1,-1,-1,-1,-1,-1,-1,-1,-1,-1,-1,-1,-1,-1,-1,-1,-1,-1,-1,-1,-1,-1,-1,-1,-1,-1,-1,-1,-1,-1,-1,-1,-1,-1,-1,-1,-1,-1,-1,-1,-1,-1,-1,-1,-1,-1,-1,-1,-1,-1,-1,-1,-1,-1,-1,-1,-1,-1,-1,-1,-1
       9   00:D100  FF FF FF FF FF FF FF FF FF FF FF FF FF FF FF FF 
       9   00:D110  FF FF FF FF FF FF FF FF FF FF FF FF FF FF FF FF 
       9   00:D120  FF FF FF FF FF FF FF FF FF FF FF FF FF FF FF FF 
       9   00:D130  FF FF FF FF FF FF FF FF FF FF FF FF FF FF FF FF 
       9   00:D140  FF FF FF FF FF FF FF FF FF FF FF FF FF FF FF FF 
       9   00:D150  FF FF FF FF FF FF FF FF FF FF FF FF FF FF FF FF 
       9   00:D160  FF FF FF FF FF FF FF FF FF FF FF FF FF FF FF FF 
       9   00:D170  FF FF FF FF FF FF FF FF FF FF FF FF FF FF FF FF 
       9   00:D180  FF FF FF FF FF FF FF FF FF FF FF FF FF FF FF FF 
       9   00:D190  FF FF FF FF FF FF FF FF FF FF FF FF FF FF FF FF 
       9   00:D1A0  FF FF FF FF FF FF FF FF FF FF FF FF FF FF FF FF 
       9   00:D1B0  FF FF FF FF FF FF FF FF FF FF FF FF FF FF FF FF 
       9   00:D1C0  FF FF FF FF FF FF FF FF FF FF FF FF FF FF FF FF 
       9   00:D1D0  FF FF FF FF FF FF FF FF FF FF FF FF FF FF FF FF 
       9   00:D1E0  FF FF FF FF FF FF FF FF FF FF FF FF FF FF FF FF 
       9   00:D1F0  FF FF FF FF FF FF FF FF FF FF FF FF FF FF FF FF 
      10   00:D200                      	db 19,16,16,16,16,16,16,16,16,16,16,19,17,16,16,17,16,16,17,17,17,17,16,16,17,16,16,16,17,17,17,19,16,16,17,17,17,17,17,19,19,16,19,19,19,19,19,17,17,17,16,17,17,16,17,19,17,17,17,17,17,19,17,17,17,19,19,17,17,16,17,17,19,17,16,17,17,19,17,19,19,17,17,16,19,17,17,19,19,17,17,19,17,17,19,19,17,16,19,17,17,17,17,17,17,19,17,17,17,17,19,19,17,17,19,17,19,19,17,17,17,17,19,19,17,19,19,19,17,17,19,19,19,18,18,17,17,19,19,18,18,19,17,19,19,17,17,17,17,18,19,19,17,19,19,17,17,17,18,18,17,18,18,19,18,18,17,17,17,17,18,17,18,19,19,17,18,17,17,19,17,18,17,18,19,17,17,17,17,17,17,17,19,17,19,19,17,17,19,19,17,19,19,17,17,17,17,17,17,17,17,17,19,17,17,17,16,16,17,19,17,17,17,19,17,17,17,17,16,16,19,17,16,16,16,19,17,17,17,17,19,19,17,16,17,17,17,19,17,17,19,16,17,19,16,17
      10   00:D200  13 10 10 10 10 10 10 10 10 10 10 13 11 10 10 11 
      10   00:D210  10 10 11 11 11 11 10 10 11 10 10 10 11 11 11 13 
      10   00:D220  10 10 11 11 11 11 11 13 13 10 13 13 13 13 13 11 
      10   00:D230  11 11 10 11 11 10 11 13 11 11 11 11 11 13 11 11 
      10   00:D240  11 13 13 11 11 10 11 11 13 11 10 11 11 13 11 13 
      10   00:D250  13 11 11 10 13 11 11 13 13 11 11 13 11 11 13 13 
      10   00:D260  11 10 13 11 11 11 11 11 11 13 11 11 11 11 13 13 
      10   00:D270  11 11 13 11 13 13 11 11 11 11 13 13 11 13 13 13 
      10   00:D280  11 11 13 13 13 12 12 11 11 13 13 12 12 13 11 13 
      10   00:D290  13 11 11 11 11 12 13 13 11 13 13 11 11 11 12 12 
      10   00:D2A0  11 12 12 13 12 12 11 11 11 11 12 11 12 13 13 11 
      10   00:D2B0  12 11 11 13 11 12 11 12 13 11 11 11 11 11 11 11 
      10   00:D2C0  13 11 13 13 11 11 13 13 11 13 13 11 11 11 11 11 
      10   00:D2D0  11 11 11 11 13 11 11 11 10 10 11 13 11 11 11 13 
      10   00:D2E0  11 11 11 11 10 10 13 11 10 10 10 13 11 11 11 11 
      10   00:D2F0  13 13 11 10 11 11 11 13 11 11 13 10 11 13 10 11 
      11   00:D300                      	db 29,29,29,29,16,19,17,17,14,11,17,16,16,16,19,17,17,19,19,16,16,16,17,17,17,13,11,11,9,13,13,17,17,17,16,17,17,16,16,19,17,19,19,17,17,17,17,17,19,17,17,19,19,18,19,18,19,18,19,19,17,18,19,19,16,16,16,19,17,17,16,19,16,19,19,17,17,16,17,17,16,17,17,17,19,19,19,19,17,17,16,19,17,17,17,17,17,17,17,17,19,19,19,17,17,17,17,17,17,17,17,17,17,17,17,17,19,17,19,19,19,17,19,19,19,17,17,17,17,19,19,17,17,17,17,18,19,19,18,19,17,19,18,18,18,19,19,18,18,18,19,17,19,19,18,18,19,18,18,19,18,18,19,18,18,17,17,18,18,17,18,19,18,18,18,18,18,19,17,17,12,9,12,18,19,18,17,18,17,11,14,11,11,11,14,11,14,11,17,19,17,17,17,19,17,19,17,17,19,19,19,17,17,17,19,19,19,17,17,17,16,17,17,16,16,16,16,19,16,19,17,19,16,17,17,17,17,16,16,17,16,17,17,17,16,16,16,17,17,17,19,16,16,16,16,17
      11   00:D300  1D 1D 1D 1D 10 13 11 11 0E 0B 11 10 10 10 13 11 
      11   00:D310  11 13 13 10 10 10 11 11 11 0D 0B 0B 09 0D 0D 11 
      11   00:D320  11 11 10 11 11 10 10 13 11 13 13 11 11 11 11 11 
      11   00:D330  13 11 11 13 13 12 13 12 13 12 13 13 11 12 13 13 
      11   00:D340  10 10 10 13 11 11 10 13 10 13 13 11 11 10 11 11 
      11   00:D350  10 11 11 11 13 13 13 13 11 11 10 13 11 11 11 11 
      11   00:D360  11 11 11 11 13 13 13 11 11 11 11 11 11 11 11 11 
      11   00:D370  11 11 11 11 13 11 13 13 13 11 13 13 13 11 11 11 
      11   00:D380  11 13 13 11 11 11 11 12 13 13 12 13 11 13 12 12 
      11   00:D390  12 13 13 12 12 12 13 11 13 13 12 12 13 12 12 13 
      11   00:D3A0  12 12 13 12 12 11 11 12 12 11 12 13 12 12 12 12 
      11   00:D3B0  12 13 11 11 0C 09 0C 12 13 12 11 12 11 0B 0E 0B 
      11   00:D3C0  0B 0B 0E 0B 0E 0B 11 13 11 11 11 13 11 13 11 11 
      11   00:D3D0  13 13 13 11 11 11 13 13 13 11 11 11 10 11 11 10 
      11   00:D3E0  10 10 10 13 10 13 11 13 10 11 11 11 11 10 10 11 
      11   00:D3F0  10 11 11 11 10 10 10 11 11 11 13 10 10 10 10 11 
      12   00:D400                      	db 29,29,29,29,29,16,16,29,29,29,29,16,17,12,12,17,17,12,12,12,17,17,17,12,13,29,29,29,29,29,29,13,11,17,17,17,17,17,17,13,11,13,9,13,9,13,11,13,17,17,16,17,19,18,18,17,17,18,17,17,17,17,17,19,19,19,17,17,17,17,17,12,13,10,12,12,10,17,19,17,17,4,5,12,15,12,10,13,10,13,12,17,17,19,19,17,15,11,13,11,13,17,17,17,17,17,13,15,13,13,11,13,13,15,-1,17,19,17,19,17,19,17,17,17,17,17,17,17,19,17,17,17,13,10,15,10,14,10,14,15,10,17,19,17,17,17,19,19,17,17,17,14,10,2,3,10,14,15,10,17,17,17,19,19,17,19,19,19,17,17,17,17,17,17,12,9,12,15,12,12,29,29,29,11,17,17,17,17,14,29,29,29,29,29,29,29,29,29,14,11,11,17,17,19,19,17,17,17,17,17,11,12,12,11,15,11,11,12,15,12,11,11,17,17,17,17,19,17,17,17,11,15,11,11,12,11,17,17,17,19,17,17,11,15,11,11,11,11,12,17,17,19,17,17,17,17
      12   00:D400  1D 1D 1D 1D 1D 10 10 1D 1D 1D 1D 10 11 0C 0C 11 
      12   00:D410  11 0C 0C 0C 11 11 11 0C 0D 1D 1D 1D 1D 1D 1D 0D 
      12   00:D420  0B 11 11 11 11 11 11 0D 0B 0D 09 0D 09 0D 0B 0D 
      12   00:D430  11 11 10 11 13 12 12 11 11 12 11 11 11 11 11 13 
      12   00:D440  13 13 11 11 11 11 11 0C 0D 0A 0C 0C 0A 11 13 11 
      12   00:D450  11 04 05 0C 0F 0C 0A 0D 0A 0D 0C 11 11 13 13 11 
      12   00:D460  0F 0B 0D 0B 0D 11 11 11 11 11 0D 0F 0D 0D 0B 0D 
      12   00:D470  0D 0F FF 11 13 11 13 11 13 11 11 11 11 11 11 11 
      12   00:D480  13 11 11 11 0D 0A 0F 0A 0E 0A 0E 0F 0A 11 13 11 
      12   00:D490  11 11 13 13 11 11 11 0E 0A 02 03 0A 0E 0F 0A 11 
      12   00:D4A0  11 11 13 13 11 13 13 13 11 11 11 11 11 11 0C 09 
      12   00:D4B0  0C 0F 0C 0C 1D 1D 1D 0B 11 11 11 11 0E 1D 1D 1D 
      12   00:D4C0  1D 1D 1D 1D 1D 1D 0E 0B 0B 11 11 13 13 11 11 11 
      12   00:D4D0  11 11 0B 0C 0C 0B 0F 0B 0B 0C 0F 0C 0B 0B 11 11 
      12   00:D4E0  11 11 13 11 11 11 0B 0F 0B 0B 0C 0B 11 11 11 13 
      12   00:D4F0  11 11 0B 0F 0B 0B 0B 0B 0C 11 11 13 11 11 11 11 
      13   00:D500                      	db 29,29,29,29,29,2,3,29,29,29,29,7,8,29,29,0,1,29,29,29,4,5,10,29,29,29,29,29,29,29,29,29,29,4,5,7,8,9,10,29,29,29,29,29,29,29,29,29,4,5,6,11,11,7,8,9,10,11,9,11,12,11,11,12,11,11,9,7,8,11,12,29,29,29,29,29,29,2,3,0,1,29,29,29,29,29,29,29,29,29,29,12,5,6,5,6,29,29,29,29,29,4,5,6,13,11,29,29,29,29,29,29,29,29,29,0,0,0,1,13,13,10,13,10,13,1,1,2,3,1,1,13,29,29,29,29,29,29,29,29,29,5,5,6,6,10,14,10,5,5,6,29,29,29,29,29,29,29,29,-1,7,8,7,8,12,15,12,9,12,0,2,3,0,12,29,29,29,29,29,29,29,29,29,29,0,2,3,11,29,29,29,29,29,29,29,29,29,29,29,29,29,11,12,15,5,6,7,8,12,11,29,29,29,29,29,29,29,29,29,29,29,29,15,5,6,7,8,15,11,12,29,29,29,29,29,29,11,7,8,9,11,12,29,29,29,29,29,29,29,13,2,3,4,5,6,13
      13   00:D500  1D 1D 1D 1D 1D 02 03 1D 1D 1D 1D 07 08 1D 1D 00 
      13   00:D510  01 1D 1D 1D 04 05 0A 1D 1D 1D 1D 1D 1D 1D 1D 1D 
      13   00:D520  1D 04 05 07 08 09 0A 1D 1D 1D 1D 1D 1D 1D 1D 1D 
      13   00:D530  04 05 06 0B 0B 07 08 09 0A 0B 09 0B 0C 0B 0B 0C 
      13   00:D540  0B 0B 09 07 08 0B 0C 1D 1D 1D 1D 1D 1D 02 03 00 
      13   00:D550  01 1D 1D 1D 1D 1D 1D 1D 1D 1D 1D 0C 05 06 05 06 
      13   00:D560  1D 1D 1D 1D 1D 04 05 06 0D 0B 1D 1D 1D 1D 1D 1D 
      13   00:D570  1D 1D 1D 00 00 00 01 0D 0D 0A 0D 0A 0D 01 01 02 
      13   00:D580  03 01 01 0D 1D 1D 1D 1D 1D 1D 1D 1D 1D 05 05 06 
      13   00:D590  06 0A 0E 0A 05 05 06 1D 1D 1D 1D 1D 1D 1D 1D FF 
      13   00:D5A0  07 08 07 08 0C 0F 0C 09 0C 00 02 03 00 0C 1D 1D 
      13   00:D5B0  1D 1D 1D 1D 1D 1D 1D 1D 00 02 03 0B 1D 1D 1D 1D 
      13   00:D5C0  1D 1D 1D 1D 1D 1D 1D 1D 1D 0B 0C 0F 05 06 07 08 
      13   00:D5D0  0C 0B 1D 1D 1D 1D 1D 1D 1D 1D 1D 1D 1D 1D 0F 05 
      13   00:D5E0  06 07 08 0F 0B 0C 1D 1D 1D 1D 1D 1D 0B 07 08 09 
      13   00:D5F0  0B 0C 1D 1D 1D 1D 1D 1D 1D 0D 02 03 04 05 06 0D 
      14   00:D600                      	db -1,-1,-1,-1,-1,-1,-1,-1,-1,-1,-1,-1,-1,-1,-1,-1,-1,-1,-1,-1,-1,-1,-1,-1,-1,-1,-1,-1,-1,-1,-1,-1,-1,-1,-1,-1,-1,-1,-1,-1,-1,-1,-1,-1,-1,-1,-1,-1,-1,-1,-1,-1,-1,-1,-1,-1,-1,-1,-1,-1,-1,-1,-1,-1,-1,-1,-1,-1,-1,-1,-1,-1,-1,-1,-1,-1,-1,-1,-1,-1,-1,-1,-1,-1,-1,-1,-1,-1,-1,-1,-1,-1,-1,-1,-1,-1,-1,-1,-1,-1,-1,-1,-1,-1,-1,-1,-1,-1,-1,-1,-1,-1,-1,-1,-1,-1,-1,-1,-1,-1,-1,-1,-1,-1,-1,-1,-1,-1,-1,-1,-1,-1,-1,-1,-1,-1,-1,-1,-1,-1,-1,-1,-1,-1,-1,-1,-1,-1,-1,-1,-1,-1,-1,-1,-1,-1,-1,-1,-1,-1,-1,-1,-1,-1,-1,-1,-1,-1,-1,-1,-1,-1,-1,-1,-1,-1,-1,-1,-1,-1,-1,-1,-1,-1,-1,-1,-1,-1,-1,-1,-1,-1,-1,-1,-1,-1,-1,-1,-1,-1,-1,-1,-1,-1,-1,-1,-1,-1,-1,-1,-1,-1,-1,-1,-1,-1,-1,-1,-1,-1,-1,-1,-1,-1,-1,-1,-1,-1,-1,-1,-1,-1,-1,-1,-1,-1,-1,-1,-1,-1,-1,-1,-1,-1,-1,-1,-1,-1,-1,-1,-1,-1,-1,-1,-1,-1
      14   00:D600  FF FF FF FF FF FF FF FF FF FF FF FF FF FF FF FF 
      14   00:D610  FF FF FF FF FF FF FF FF FF FF FF FF FF FF FF FF 
      14   00:D620  FF FF FF FF FF FF FF FF FF FF FF FF FF FF FF FF 
      14   00:D630  FF FF FF FF FF FF FF FF FF FF FF FF FF FF FF FF 
      14   00:D640  FF FF FF FF FF FF FF FF FF FF FF FF FF FF FF FF 
      14   00:D650  FF FF FF FF FF FF FF FF FF FF FF FF FF FF FF FF 
      14   00:D660  FF FF FF FF FF FF FF FF FF FF FF FF FF FF FF FF 
      14   00:D670  FF FF FF FF FF FF FF FF FF FF FF FF FF FF FF FF 
      14   00:D680  FF FF FF FF FF FF FF FF FF FF FF FF FF FF FF FF 
      14   00:D690  FF FF FF FF FF FF FF FF FF FF FF FF FF FF FF FF 
      14   00:D6A0  FF FF FF FF FF FF FF FF FF FF FF FF FF FF FF FF 
      14   00:D6B0  FF FF FF FF FF FF FF FF FF FF FF FF FF FF FF FF 
      14   00:D6C0  FF FF FF FF FF FF FF FF FF FF FF FF FF FF FF FF 
      14   00:D6D0  FF FF FF FF FF FF FF FF FF FF FF FF FF FF FF FF 
      14   00:D6E0  FF FF FF FF FF FF FF FF FF FF FF FF FF FF FF FF 
      14   00:D6F0  FF FF FF FF FF FF FF FF FF FF FF FF FF FF FF FF 
      15   00:D700                      	db -1,-1,-1,-1,-1,-1,-1,-1,-1,-1,-1,-1,-1,-1,-1,-1,-1,-1,-1,-1,-1,-1,-1,-1,-1,-1,-1,-1,-1,-1,-1,-1,-1,-1,-1,-1,-1,-1,-1,-1,-1,-1,-1,-1,-1,-1,-1,-1,-1,-1,-1,-1,-1,-1,-1,-1,-1,-1,-1,-1,-1,-1,-1,-1,-1,-1,-1,-1,-1,-1,-1,-1,-1,-1,-1,-1,-1,-1,-1,-1,-1,-1,-1,-1,-1,-1,-1,-1,-1,-1,-1,-1,-1,-1,-1,-1,-1,-1,-1,-1,-1,-1,-1,-1,-1,-1,-1,-1,-1,-1,-1,-1,-1,-1,-1,-1,-1,-1,-1,-1,-1,-1,-1,-1,-1,-1,-1,-1,-1,-1,-1,-1,-1,-1,-1,-1,-1,-1,-1,-1,-1,-1,-1,-1,-1,-1,-1,-1,-1,-1,-1,-1,-1,-1,-1,-1,-1,-1,-1,-1,-1,-1,-1,-1,-1,-1,-1,-1,-1,-1,-1,-1,-1,-1,-1,-1,-1,-1,-1,-1,-1,-1,-1,-1,-1,-1,-1,-1,-1,-1,-1,-1,-1,-1,-1,-1,-1,-1,-1,-1,-1,-1,-1,-1,-1,-1,-1,-1,-1,-1,-1,-1,-1,-1,-1,-1,-1,-1,-1,-1,-1,-1,-1,-1,-1,-1,-1,-1,-1,-1,-1,-1,-1,-1,-1,-1,-1,-1,-1,-1,-1,-1,-1,-1,-1,-1,-1,-1,-1,-1,-1,-1,-1,-1,-1,-1
      15   00:D700  FF FF FF FF FF FF FF FF FF FF FF FF FF FF FF FF 
      15   00:D710  FF FF FF FF FF FF FF FF FF FF FF FF FF FF FF FF 
      15   00:D720  FF FF FF FF FF FF FF FF FF FF FF FF FF FF FF FF 
      15   00:D730  FF FF FF FF FF FF FF FF FF FF FF FF FF FF FF FF 
      15   00:D740  FF FF FF FF FF FF FF FF FF FF FF FF FF FF FF FF 
      15   00:D750  FF FF FF FF FF FF FF FF FF FF FF FF FF FF FF FF 
      15   00:D760  FF FF FF FF FF FF FF FF FF FF FF FF FF FF FF FF 
      15   00:D770  FF FF FF FF FF FF FF FF FF FF FF FF FF FF FF FF 
      15   00:D780  FF FF FF FF FF FF FF FF FF FF FF FF FF FF FF FF 
      15   00:D790  FF FF FF FF FF FF FF FF FF FF FF FF FF FF FF FF 
      15   00:D7A0  FF FF FF FF FF FF FF FF FF FF FF FF FF FF FF FF 
      15   00:D7B0  FF FF FF FF FF FF FF FF FF FF FF FF FF FF FF FF 
      15   00:D7C0  FF FF FF FF FF FF FF FF FF FF FF FF FF FF FF FF 
      15   00:D7D0  FF FF FF FF FF FF FF FF FF FF FF FF FF FF FF FF 
      15   00:D7E0  FF FF FF FF FF FF FF FF FF FF FF FF FF FF FF FF 
      15   00:D7F0  FF FF FF FF FF FF FF FF FF FF FF FF FF FF FF FF 
      16   00:D800                      	db -1,-1,-1,-1,-1,-1,-1,-1,-1,-1,-1,-1,-1,-1,-1,-1,-1,-1,-1,-1,-1,-1,-1,-1,-1,-1,-1,-1,-1,-1,-1,-1,-1,-1,-1,-1,-1,-1,-1,-1,-1,-1,-1,-1,-1,-1,-1,-1,-1,-1,-1,-1,-1,-1,-1,-1,-1,-1,-1,-1,-1,-1,-1,-1,-1,-1,-1,-1,-1,-1,-1,-1,-1,-1,-1,-1,-1,-1,-1,-1,-1,-1,-1,-1,-1,-1,-1,-1,-1,-1,-1,-1,-1,-1,-1,-1,-1,-1,-1,-1,-1,-1,-1,-1,-1,-1,-1,-1,-1,-1,-1,-1,-1,-1,-1,-1,-1,-1,-1,-1,-1,-1,-1,-1,-1,-1,-1,-1,-1,-1,-1,-1,-1,-1,-1,-1,-1,-1,-1,-1,-1,-1,-1,-1,-1,-1,-1,-1,-1,-1,-1,-1,-1,-1,-1,-1,-1,-1,-1,-1,-1,-1,-1,-1,-1,-1,-1,-1,-1,-1,-1,-1,-1,-1,-1,-1,-1,-1,-1,-1,-1,-1,-1,-1,-1,-1,-1,-1,-1,-1,-1,-1,-1,-1,-1,-1,-1,-1,-1,-1,-1,-1,-1,-1,-1,-1,-1,-1,-1,-1,-1,-1,-1,-1,-1,-1,-1,-1,-1,-1,-1,-1,-1,-1,-1,-1,-1,-1,-1,-1,-1,-1,-1,-1,-1,-1,-1,-1,-1,-1,-1,-1,-1,-1,-1,-1,-1,-1,-1,-1,-1,-1,-1,-1,-1,-1
      16   00:D800  FF FF FF FF FF FF FF FF FF FF FF FF FF FF FF FF 
      16   00:D810  FF FF FF FF FF FF FF FF FF FF FF FF FF FF FF FF 
      16   00:D820  FF FF FF FF FF FF FF FF FF FF FF FF FF FF FF FF 
      16   00:D830  FF FF FF FF FF FF FF FF FF FF FF FF FF FF FF FF 
      16   00:D840  FF FF FF FF FF FF FF FF FF FF FF FF FF FF FF FF 
      16   00:D850  FF FF FF FF FF FF FF FF FF FF FF FF FF FF FF FF 
      16   00:D860  FF FF FF FF FF FF FF FF FF FF FF FF FF FF FF FF 
      16   00:D870  FF FF FF FF FF FF FF FF FF FF FF FF FF FF FF FF 
      16   00:D880  FF FF FF FF FF FF FF FF FF FF FF FF FF FF FF FF 
      16   00:D890  FF FF FF FF FF FF FF FF FF FF FF FF FF FF FF FF 
      16   00:D8A0  FF FF FF FF FF FF FF FF FF FF FF FF FF FF FF FF 
      16   00:D8B0  FF FF FF FF FF FF FF FF FF FF FF FF FF FF FF FF 
      16   00:D8C0  FF FF FF FF FF FF FF FF FF FF FF FF FF FF FF FF 
      16   00:D8D0  FF FF FF FF FF FF FF FF FF FF FF FF FF FF FF FF 
      16   00:D8E0  FF FF FF FF FF FF FF FF FF FF FF FF FF FF FF FF 
      16   00:D8F0  FF FF FF FF FF FF FF FF FF FF FF FF FF FF FF FF 
      17   00:D900                      	db -1,-1,-1,-1,-1,-1,-1,-1,-1,-1,-1,-1,-1,-1,-1,-1,-1,-1,-1,-1,-1,-1,-1,-1,-1,-1,-1,-1,-1,-1,-1,-1,-1,-1,-1,-1,-1,-1,-1,-1,-1,-1,-1,-1,-1,-1,-1,-1,-1,-1,-1,-1,-1,-1,-1,-1,-1,-1,-1,-1,-1,-1,-1,-1,-1,-1,-1,-1,-1,-1,-1,-1,-1,-1,-1,-1,-1,-1,-1,-1,-1,-1,-1,-1,-1,-1,-1,-1,-1,-1,-1,-1,-1,-1,-1,-1,-1,-1,-1,-1,-1,-1,-1,-1,-1,-1,-1,-1,-1,-1,-1,-1,-1,-1,-1,-1,-1,-1,-1,-1,-1,-1,-1,-1,-1,-1,-1,-1,-1,-1,-1,-1,-1,-1,-1,-1,-1,-1,-1,-1,-1,-1,-1,-1,-1,-1,-1,-1,-1,-1,-1,-1,-1,-1,-1,-1,-1,-1,-1,-1,-1,-1,-1,-1,-1,-1,-1,-1,-1,-1,-1,-1,-1,-1,-1,-1,-1,-1,-1,-1,-1,-1,-1,-1,-1,-1,-1,-1,-1,-1,-1,-1,-1,-1,-1,-1,-1,-1,-1,-1,-1,-1,-1,-1,-1,-1,-1,-1,-1,-1,-1,-1,-1,-1,-1,-1,-1,-1,-1,-1,-1,-1,-1,-1,-1,-1,-1,-1,-1,-1,-1,-1,-1,-1,-1,-1,-1,-1,-1,-1,-1,-1,-1,-1,-1,-1,-1,-1,-1,-1,-1,-1,-1,-1,-1,-1
      17   00:D900  FF FF FF FF FF FF FF FF FF FF FF FF FF FF FF FF 
      17   00:D910  FF FF FF FF FF FF FF FF FF FF FF FF FF FF FF FF 
      17   00:D920  FF FF FF FF FF FF FF FF FF FF FF FF FF FF FF FF 
      17   00:D930  FF FF FF FF FF FF FF FF FF FF FF FF FF FF FF FF 
      17   00:D940  FF FF FF FF FF FF FF FF FF FF FF FF FF FF FF FF 
      17   00:D950  FF FF FF FF FF FF FF FF FF FF FF FF FF FF FF FF 
      17   00:D960  FF FF FF FF FF FF FF FF FF FF FF FF FF FF FF FF 
      17   00:D970  FF FF FF FF FF FF FF FF FF FF FF FF FF FF FF FF 
      17   00:D980  FF FF FF FF FF FF FF FF FF FF FF FF FF FF FF FF 
      17   00:D990  FF FF FF FF FF FF FF FF FF FF FF FF FF FF FF FF 
      17   00:D9A0  FF FF FF FF FF FF FF FF FF FF FF FF FF FF FF FF 
      17   00:D9B0  FF FF FF FF FF FF FF FF FF FF FF FF FF FF FF FF 
      17   00:D9C0  FF FF FF FF FF FF FF FF FF FF FF FF FF FF FF FF 
      17   00:D9D0  FF FF FF FF FF FF FF FF FF FF FF FF FF FF FF FF 
      17   00:D9E0  FF FF FF FF FF FF FF FF FF FF FF FF FF FF FF FF 
      17   00:D9F0  FF FF FF FF FF FF FF FF FF FF FF FF FF FF FF FF 
      18   00:DA00                      	db -1,-1,-1,-1,-1,-1,-1,-1,-1,-1,-1,-1,-1,-1,-1,-1,-1,-1,-1,-1,-1,-1,-1,-1,-1,-1,-1,-1,-1,-1,-1,-1,-1,-1,-1,-1,-1,-1,-1,-1,-1,-1,-1,-1,-1,-1,-1,-1,-1,-1,-1,-1,-1,-1,-1,-1,-1,-1,-1,-1,-1,-1,-1,-1,-1,-1,-1,-1,-1,-1,-1,-1,-1,-1,-1,-1,-1,-1,-1,-1,-1,-1,-1,-1,-1,-1,-1,-1,-1,-1,-1,-1,-1,-1,-1,-1,-1,-1,-1,-1,-1,-1,-1,-1,-1,-1,-1,-1,-1,-1,-1,-1,-1,-1,-1,-1,-1,-1,-1,-1,-1,-1,-1,-1,-1,-1,-1,-1,-1,-1,-1,-1,-1,-1,-1,-1,-1,-1,-1,-1,-1,-1,-1,-1,-1,-1,-1,-1,-1,-1,-1,-1,-1,-1,-1,-1,-1,-1,-1,-1,-1,-1,-1,-1,-1,-1,-1,-1,-1,-1,-1,-1,-1,-1,-1,-1,-1,-1,-1,-1,-1,-1,-1,-1,-1,-1,-1,-1,-1,-1,-1,-1,-1,-1,-1,-1,-1,-1,-1,-1,-1,-1,-1,-1,-1,-1,-1,-1,-1,-1,-1,-1,-1,-1,-1,-1,-1,-1,-1,-1,-1,-1,-1,-1,-1,-1,-1,-1,-1,-1,-1,-1,-1,-1,-1,-1,-1,-1,-1,-1,-1,-1,-1,-1,-1,-1,-1,-1,-1,-1,-1,-1,-1,-1,-1,-1
      18   00:DA00  FF FF FF FF FF FF FF FF FF FF FF FF FF FF FF FF 
      18   00:DA10  FF FF FF FF FF FF FF FF FF FF FF FF FF FF FF FF 
      18   00:DA20  FF FF FF FF FF FF FF FF FF FF FF FF FF FF FF FF 
      18   00:DA30  FF FF FF FF FF FF FF FF FF FF FF FF FF FF FF FF 
      18   00:DA40  FF FF FF FF FF FF FF FF FF FF FF FF FF FF FF FF 
      18   00:DA50  FF FF FF FF FF FF FF FF FF FF FF FF FF FF FF FF 
      18   00:DA60  FF FF FF FF FF FF FF FF FF FF FF FF FF FF FF FF 
      18   00:DA70  FF FF FF FF FF FF FF FF FF FF FF FF FF FF FF FF 
      18   00:DA80  FF FF FF FF FF FF FF FF FF FF FF FF FF FF FF FF 
      18   00:DA90  FF FF FF FF FF FF FF FF FF FF FF FF FF FF FF FF 
      18   00:DAA0  FF FF FF FF FF FF FF FF FF FF FF FF FF FF FF FF 
      18   00:DAB0  FF FF FF FF FF FF FF FF FF FF FF FF FF FF FF FF 
      18   00:DAC0  FF FF FF FF FF FF FF FF FF FF FF FF FF FF FF FF 
      18   00:DAD0  FF FF FF FF FF FF FF FF FF FF FF FF FF FF FF FF 
      18   00:DAE0  FF FF FF FF FF FF FF FF FF FF FF FF FF FF FF FF 
      18   00:DAF0  FF FF FF FF FF FF FF FF FF FF FF FF FF FF FF FF 
      19   00:DB00                      	db -1,-1,-1,-1,-1,-1,-1,-1,-1,-1,-1,-1,-1,-1,-1,-1,-1,-1,-1,-1,-1,-1,-1,-1,-1,-1,-1,-1,-1,-1,-1,-1,-1,-1,-1,-1,-1,-1,-1,-1,-1,-1,-1,-1,-1,-1,-1,-1,-1,-1,-1,-1,-1,-1,-1,-1,-1,-1,-1,-1,-1,-1,-1,-1,-1,-1,-1,-1,-1,-1,-1,-1,-1,-1,-1,-1,-1,-1,-1,-1,-1,-1,-1,-1,-1,-1,-1,-1,-1,-1,-1,-1,-1,-1,-1,-1,-1,-1,-1,-1,-1,-1,-1,-1,-1,-1,-1,-1,-1,-1,-1,-1,-1,-1,-1,-1,-1,-1,-1,-1,-1,-1,-1,-1,-1,-1,-1,-1,-1,-1,-1,-1,-1,-1,-1,-1,-1,-1,-1,-1,-1,-1,-1,-1,-1,-1,-1,-1,-1,-1,-1,-1,-1,-1,-1,-1,-1,-1,-1,-1,-1,-1,-1,-1,-1,-1,-1,-1,-1,-1,-1,-1,-1,-1,-1,-1,-1,-1,-1,-1,-1,-1,-1,-1,-1,-1,-1,-1,-1,-1,-1,-1,-1,-1,-1,-1,-1,-1,-1,-1,-1,-1,-1,-1,-1,-1,-1,-1,-1,-1,-1,-1,-1,-1,-1,-1,-1,-1,-1,-1,-1,-1,-1,-1,-1,-1,-1,-1,-1,-1,-1,-1,-1,-1,-1,-1,-1,-1,-1,-1,-1,-1,-1,-1,-1,-1,-1,-1,-1,-1,-1,-1,-1,-1,-1,-1
      19   00:DB00  FF FF FF FF FF FF FF FF FF FF FF FF FF FF FF FF 
      19   00:DB10  FF FF FF FF FF FF FF FF FF FF FF FF FF FF FF FF 
      19   00:DB20  FF FF FF FF FF FF FF FF FF FF FF FF FF FF FF FF 
      19   00:DB30  FF FF FF FF FF FF FF FF FF FF FF FF FF FF FF FF 
      19   00:DB40  FF FF FF FF FF FF FF FF FF FF FF FF FF FF FF FF 
      19   00:DB50  FF FF FF FF FF FF FF FF FF FF FF FF FF FF FF FF 
      19   00:DB60  FF FF FF FF FF FF FF FF FF FF FF FF FF FF FF FF 
      19   00:DB70  FF FF FF FF FF FF FF FF FF FF FF FF FF FF FF FF 
      19   00:DB80  FF FF FF FF FF FF FF FF FF FF FF FF FF FF FF FF 
      19   00:DB90  FF FF FF FF FF FF FF FF FF FF FF FF FF FF FF FF 
      19   00:DBA0  FF FF FF FF FF FF FF FF FF FF FF FF FF FF FF FF 
      19   00:DBB0  FF FF FF FF FF FF FF FF FF FF FF FF FF FF FF FF 
      19   00:DBC0  FF FF FF FF FF FF FF FF FF FF FF FF FF FF FF FF 
      19   00:DBD0  FF FF FF FF FF FF FF FF FF FF FF FF FF FF FF FF 
      19   00:DBE0  FF FF FF FF FF FF FF FF FF FF FF FF FF FF FF FF 
      19   00:DBF0  FF FF FF FF FF FF FF FF FF FF FF FF FF FF FF FF 
      20   00:DC00                      	db -1,-1,-1,-1,-1,-1,-1,-1,-1,-1,-1,-1,-1,-1,-1,-1,-1,-1,-1,-1,-1,-1,-1,-1,-1,-1,-1,-1,-1,-1,-1,-1,-1,-1,-1,-1,-1,-1,-1,-1,-1,-1,-1,-1,-1,-1,-1,-1,-1,-1,-1,-1,-1,-1,-1,-1,-1,-1,-1,-1,-1,-1,-1,-1,-1,-1,-1,-1,-1,-1,-1,-1,-1,-1,-1,-1,-1,-1,-1,-1,-1,-1,-1,-1,-1,-1,-1,-1,-1,-1,-1,-1,-1,-1,-1,-1,-1,-1,-1,-1,-1,-1,-1,-1,-1,-1,-1,-1,-1,-1,-1,-1,-1,-1,-1,-1,-1,-1,-1,-1,-1,-1,-1,-1,-1,-1,-1,-1,-1,-1,-1,-1,-1,-1,-1,-1,-1,-1,-1,-1,-1,-1,-1,-1,-1,-1,-1,-1,-1,-1,-1,-1,-1,-1,-1,-1,-1,-1,-1,-1,-1,-1,-1,-1,-1,-1,-1,-1,-1,-1,-1,-1,-1,-1,-1,-1,-1,-1,-1,-1,-1,-1,-1,-1,-1,-1,-1,-1,-1,-1,-1,-1,-1,-1,-1,-1,-1,-1,-1,-1,-1,-1,-1,-1,-1,-1,-1,-1,-1,-1,-1,-1,-1,-1,-1,-1,-1,-1,-1,-1,-1,-1,-1,-1,-1,-1,-1,-1,-1,-1,-1,-1,-1,-1,-1,-1,-1,-1,-1,-1,-1,-1,-1,-1,-1,-1,-1,-1,-1,-1,-1,-1,-1,-1,-1,-1
      20   00:DC00  FF FF FF FF FF FF FF FF FF FF FF FF FF FF FF FF 
      20   00:DC10  FF FF FF FF FF FF FF FF FF FF FF FF FF FF FF FF 
      20   00:DC20  FF FF FF FF FF FF FF FF FF FF FF FF FF FF FF FF 
      20   00:DC30  FF FF FF FF FF FF FF FF FF FF FF FF FF FF FF FF 
      20   00:DC40  FF FF FF FF FF FF FF FF FF FF FF FF FF FF FF FF 
      20   00:DC50  FF FF FF FF FF FF FF FF FF FF FF FF FF FF FF FF 
      20   00:DC60  FF FF FF FF FF FF FF FF FF FF FF FF FF FF FF FF 
      20   00:DC70  FF FF FF FF FF FF FF FF FF FF FF FF FF FF FF FF 
      20   00:DC80  FF FF FF FF FF FF FF FF FF FF FF FF FF FF FF FF 
      20   00:DC90  FF FF FF FF FF FF FF FF FF FF FF FF FF FF FF FF 
      20   00:DCA0  FF FF FF FF FF FF FF FF FF FF FF FF FF FF FF FF 
      20   00:DCB0  FF FF FF FF FF FF FF FF FF FF FF FF FF FF FF FF 
      20   00:DCC0  FF FF FF FF FF FF FF FF FF FF FF FF FF FF FF FF 
      20   00:DCD0  FF FF FF FF FF FF FF FF FF FF FF FF FF FF FF FF 
      20   00:DCE0  FF FF FF FF FF FF FF FF FF FF FF FF FF FF FF FF 
      20   00:DCF0  FF FF FF FF FF FF FF FF FF FF FF FF FF FF FF FF 
      21   00:DD00                      FINAL: 

    LABELS
-------------------------------------------------
00:0000D000   INICIO
00:0000DD00   FINAL


 Output: assets\level1.out
-------------------------------------------------

 Page: 00
  Org: 0000D000  Size: *  Used: 00000000

    No output

 Output: level1.bin
-------------------------------------------------

 Page: 00
  Org: 0000D000  Size: *  Used: 00000D07

   Address   Length Align   Label
   0000D000    3335         INICIO
