Sjasm Z80 Assembler v0.42c - www.xl2s.tk             [2023.05.29 - 05:11:36]

assets/sprcol.asm
Errors: 0

       1   00:0000                      		 output sprcol.bin
       2   00:D000  FE                  	db   #fe
       3   00:D001  00 D0               	dw   INICIO 
       4   00:D003  80 D2               	dw   FINAL
       5   00:D005  00 D0               	dw   INICIO 
       6   00:D007                      	org  #d000 
       7   00:D000                      INICIO: 
       8   00:D000                      
       9   00:D000                      sprites_colors: 
      10   00:D000                      ;Data colors sprite 0, name: Sprite-0
      11   00:D000                      	db 0,0,0,0,0,0,5,5,9,5,9,9,5,5,5,5
      11   00:D000  00 00 00 00 00 00 05 05 09 05 09 09 05 05 05 05 
      12   00:D010                      ;Data colors sprite 1, name: Sprite-1
      13   00:D010                      	db 0,0,0,0,0,0,0,10,10,10,10,10,10,10,10,10
      13   00:D010  00 00 00 00 00 00 00 0A 0A 0A 0A 0A 0A 0A 0A 0A 
      14   00:D020                      ;Data colors sprite 2, name: Sprite-2
      15   00:D020                      	db 0,9,9,9,9,9,5,5,8,5,9,9,9,9,9,9
      15   00:D020  00 09 09 09 09 09 05 05 08 05 09 09 09 09 09 09 
      16   00:D030                      ;Data colors sprite 3, name: Sprite-2
      17   00:D030                      	db 0,0,10,10,10,10,10,10,10,10,10,10,10,10,10,10
      17   00:D030  00 00 0A 0A 0A 0A 0A 0A 0A 0A 0A 0A 0A 0A 0A 0A 
      18   00:D040                      ;Data colors sprite 4, name: Sprite-2
      19   00:D040                      	db 0,0,0,0,9,10,10,10,10,10,10,10,9,9,9,9
      19   00:D040  00 00 00 00 09 0A 0A 0A 0A 0A 0A 0A 09 09 09 09 
      20   00:D050                      ;Data colors sprite 5, name: Sprite-2
      21   00:D050                      	db 0,0,0,0,0,0,0,5,8,5,5,5,5,5,5,5
      21   00:D050  00 00 00 00 00 00 00 05 08 05 05 05 05 05 05 05 
      22   00:D060                      ;Data colors sprite 6, name: Sprite-6
      23   00:D060                      	db 0,0,0,0,0,0,0,7,7,7,7,7,7,7,7,7
      23   00:D060  00 00 00 00 00 00 00 07 07 07 07 07 07 07 07 07 
      24   00:D070                      ;Data colors sprite 7, name: Sprite-6
      25   00:D070                      	db 0,0,0,0,7,7,7,7,7,7,7,7,7,7,7,7
      25   00:D070  00 00 00 00 07 07 07 07 07 07 07 07 07 07 07 07 
      26   00:D080                      ;Data colors sprite 8, name: Sprite-6
      27   00:D080                      	db 0,0,7,7,7,7,7,7,7,7,7,7,7,7,7,7
      27   00:D080  00 00 07 07 07 07 07 07 07 07 07 07 07 07 07 07 
      28   00:D090                      ;Data colors sprite 9, name: Sprite-6
      29   00:D090                      	db 7,7,7,7,7,7,7,7,7,7,7,7,7,7,7,7
      29   00:D090  07 07 07 07 07 07 07 07 07 07 07 07 07 07 07 07 
      30   00:D0A0                      ;Data colors sprite 10, name: Sprite-30
      31   00:D0A0                      	db 0,0,0,0,0,10,10,10,10,10,10,10,10,10,10,10
      31   00:D0A0  00 00 00 00 00 0A 0A 0A 0A 0A 0A 0A 0A 0A 0A 0A 
      32   00:D0B0                      ;Data colors sprite 11, name: Sprite-30
      33   00:D0B0                      	db 0,0,0,0,0,10,10,10,10,10,10,10,10,10,10,10
      33   00:D0B0  00 00 00 00 00 0A 0A 0A 0A 0A 0A 0A 0A 0A 0A 0A 
      34   00:D0C0                      ;Data colors sprite 12, name: Sprite-30
      35   00:D0C0                      	db 0,0,0,0,0,10,10,10,10,10,10,10,10,10,10,10
      35   00:D0C0  00 00 00 00 00 0A 0A 0A 0A 0A 0A 0A 0A 0A 0A 0A 
      36   00:D0D0                      ;Data colors sprite 13, name: Sprite-30
      37   00:D0D0                      	db 0,0,0,0,0,0,0,10,10,10,10,10,10,10,10,10
      37   00:D0D0  00 00 00 00 00 00 00 0A 0A 0A 0A 0A 0A 0A 0A 0A 
      38   00:D0E0                      ;Data colors sprite 14, name: Sprite-26
      39   00:D0E0                      	db 10,10,10,10,10,10,10,10,10,10,10,10,10,10,10,10
      39   00:D0E0  0A 0A 0A 0A 0A 0A 0A 0A 0A 0A 0A 0A 0A 0A 0A 0A 
      40   00:D0F0                      ;Data colors sprite 15, name: Sprite-26
      41   00:D0F0                      	db 0,0,0,0,10,10,10,10,10,10,10,10,10,10,10,10
      41   00:D0F0  00 00 00 00 0A 0A 0A 0A 0A 0A 0A 0A 0A 0A 0A 0A 
      42   00:D100                      ;Data colors sprite 16, name: Sprite-26
      43   00:D100                      	db 0,0,0,0,0,0,10,10,10,10,10,10,10,10,10,10
      43   00:D100  00 00 00 00 00 00 0A 0A 0A 0A 0A 0A 0A 0A 0A 0A 
      44   00:D110                      ;Data colors sprite 17, name: Sprite-26
      45   00:D110                      	db 0,0,0,0,0,0,0,0,0,0,0,0,0,0,0,0
      45   00:D110  00 00 00 00 00 00 00 00 00 00 00 00 00 00 00 00 
      46   00:D120                      ;Data colors sprite 18, name: Sprite-7
      47   00:D120                      	db 0,0,0,0,0,0,0,8,5,5,5,5,5,5,9,9
      47   00:D120  00 00 00 00 00 00 00 08 05 05 05 05 05 05 09 09 
      48   00:D130                      ;Data colors sprite 19, name: Sprite-14
      49   00:D130                      	db 8,8,4,4,4,4,4,4,4,4,4,9,9,9,9,8
      49   00:D130  08 08 04 04 04 04 04 04 04 04 04 09 09 09 09 08 
      50   00:D140                      ;Data colors sprite 20, name: Sprite-22
      51   00:D140                      	db 13,13,14,14,14,14,14,14,14,14,14,14,14,14,6,8
      51   00:D140  0D 0D 0E 0E 0E 0E 0E 0E 0E 0E 0E 0E 0E 0E 06 08 
      52   00:D150                      ;Data colors sprite 21, name: Sprite-23
      53   00:D150                      	db 0,0,14,14,14,14,14,14,4,4,4,6,6,6,6,6
      53   00:D150  00 00 0E 0E 0E 0E 0E 0E 04 04 04 06 06 06 06 06 
      54   00:D160                      ;Data colors sprite 22, name: Sprite-24
      55   00:D160                      	db 0,12,12,12,12,12,12,6,6,6,6,6,12,12,12,12
      55   00:D160  00 0C 0C 0C 0C 0C 0C 06 06 06 06 06 0C 0C 0C 0C 
      56   00:D170                      ;Data colors sprite 23, name: Sprite-25
      57   00:D170                      	db 0,0,0,0,0,0,14,14,14,14,14,12,12,12,12,12
      57   00:D170  00 00 00 00 00 00 0E 0E 0E 0E 0E 0C 0C 0C 0C 0C 
      58   00:D180                      ;Data colors sprite 24, name: Sprite-34
      59   00:D180                      	db 6,6,6,6,6,6,6,6,4,4,4,4,4,4,4,4
      59   00:D180  06 06 06 06 06 06 06 06 04 04 04 04 04 04 04 04 
      60   00:D190                      ;Data colors sprite 25, name: Sprite-35
      61   00:D190                      	db 9,9,9,9,9,10,10,10,10,10,10,10,8,8,8,8
      61   00:D190  09 09 09 09 09 0A 0A 0A 0A 0A 0A 0A 08 08 08 08 
      62   00:D1A0                      ;Data colors sprite 26, name: Sprite-37
      63   00:D1A0                      	db 13,13,13,13,13,13,13,13,13,13,13,6,6,6,10,10
      63   00:D1A0  0D 0D 0D 0D 0D 0D 0D 0D 0D 0D 0D 06 06 06 0A 0A 
      64   00:D1B0                      ;Data colors sprite 27, name: Sprite-36
      65   00:D1B0                      	db 8,8,8,8,8,8,8,8,8,8,8,8,8,8,8,8
      65   00:D1B0  08 08 08 08 08 08 08 08 08 08 08 08 08 08 08 08 
      66   00:D1C0                      ;Data colors sprite 28, name: Sprite-38
      67   00:D1C0                      	db 6,6,6,6,6,6,6,6,6,6,6,6,6,6,6,6
      67   00:D1C0  06 06 06 06 06 06 06 06 06 06 06 06 06 06 06 06 
      68   00:D1D0                      ;Data colors sprite 29, name: Sprite-39
      69   00:D1D0                      	db 6,6,6,6,6,6,8,8,8,13,13,13,13,13,13,13
      69   00:D1D0  06 06 06 06 06 06 08 08 08 0D 0D 0D 0D 0D 0D 0D 
      70   00:D1E0                      ;Data colors sprite 30, name: Sprite-8
      71   00:D1E0                      	db 0,0,9,8,9,9,9,7,9,9,9,8,9,9,9,9
      71   00:D1E0  00 00 09 08 09 09 09 07 09 09 09 08 09 09 09 09 
      72   00:D1F0                      ;Data colors sprite 31, name: No_name9
      73   00:D1F0                      	db 0,13,13,13,13,13,10,5,5,10,13,13,13,13,13,13
      73   00:D1F0  00 0D 0D 0D 0D 0D 0A 05 05 0A 0D 0D 0D 0D 0D 0D 
      74   00:D200                      ;Data colors sprite 32, name: Sprite_name10
      75   00:D200                      	db 6,6,6,6,6,6,8,7,7,8,6,6,6,6,6,6
      75   00:D200  06 06 06 06 06 06 08 07 07 08 06 06 06 06 06 06 
      76   00:D210                      ;Data colors sprite 33, name: Sprite-11
      77   00:D210                      	db 5,5,5,5,5,5,5,13,13,5,5,5,5,5,5,5
      77   00:D210  05 05 05 05 05 05 05 0D 0D 05 05 05 05 05 05 05 
      78   00:D220                      ;Data colors sprite 34, name: Sprite-12
      79   00:D220                      	db 13,13,13,13,13,2,12,12,12,12,2,13,13,13,13,13
      79   00:D220  0D 0D 0D 0D 0D 02 0C 0C 0C 0C 02 0D 0D 0D 0D 0D 
      80   00:D230                      ;Data colors sprite 35, name: Sprite-13
      81   00:D230                      	db 9,9,10,10,10,10,10,9,9,9,10,10,10,10,9,9
      81   00:D230  09 09 0A 0A 0A 0A 0A 09 09 09 0A 0A 0A 0A 09 09 
      82   00:D240                      ;Data colors sprite 36, name: Sprite-14
      83   00:D240                      	db 4,4,4,8,8,4,4,5,5,5,4,4,8,8,4,4
      83   00:D240  04 04 04 08 08 04 04 05 05 05 04 04 08 08 04 04 
      84   00:D250                      ;Data colors sprite 37, name: Sprite-15
      85   00:D250                      	db 13,13,13,13,8,8,9,9,9,8,8,8,13,13,13,13
      85   00:D250  0D 0D 0D 0D 08 08 09 09 09 08 08 08 0D 0D 0D 0D 
      86   00:D260                      ;Data colors sprite 38, name: Sprite-16
      87   00:D260                      	db 8,8,8,9,7,7,4,4,4,7,7,9,8,8,8,8
      87   00:D260  08 08 08 09 07 07 04 04 04 07 07 09 08 08 08 08 
      88   00:D270                      ;Data colors sprite 39, name: Sprite-17
      89   00:D270                      	db 12,12,12,12,12,12,6,8,6,12,12,12,12,12,12,12
      89   00:D270  0C 0C 0C 0C 0C 0C 06 08 06 0C 0C 0C 0C 0C 0C 0C 
      90   00:D280                      
      91   00:D280                      FINAL: 

    LABELS
-------------------------------------------------
00:0000D000   INICIO
00:0000D000 X sprites_colors
00:0000D280   FINAL


 Output: assets/sprcol.out
-------------------------------------------------

 Page: 00
  Org: 0000D000  Size: *  Used: 00000000

    No output

 Output: sprcol.bin
-------------------------------------------------

 Page: 00
  Org: 0000D000  Size: *  Used: 00000287

   Address   Length Align   Label
   0000D000     647         INICIO
