Sjasm Z80 Assembler v0.42c - www.xl2s.tk             [2023.05.29 - 04:19:42]

assets\sprites.asm
Errors: 0

       1   00:0000                      		 output sprites.bin
       2   00:D000  FE                  	db   #fe
       3   00:D001  00 D0               	dw   INICIO 
       4   00:D003  00 D5               	dw   FINAL
       5   00:D005  00 D0               	dw   INICIO 
       6   00:D007                      	org  #d000 
       7   00:D000                      INICIO: 
       8   00:D000                      
       9   00:D000                      sprites_definition:
      10   00:D000                      ;Definition sprite 0, name: Sprite-0
      11   00:D000                      	db 0,0,0,0,0,0,62,227
      11   00:D000  00 00 00 00 00 00 3E E3 
      12   00:D008                      	db 128,225,60,2,3,0,0,0
      12   00:D008  80 E1 3C 02 03 00 00 00 
      13   00:D010                      	db 0,0,0,0,0,0,0,252
      13   00:D010  00 00 00 00 00 00 00 FC 
      14   00:D018                      	db 4,255,2,2,255,0,0,0
      14   00:D018  04 FF 02 02 FF 00 00 00 
      15   00:D020                      ;Definition sprite 1, name: Sprite-1
      16   00:D020                      	db 0,0,0,0,0,0,0,60
      16   00:D020  00 00 00 00 00 00 00 3C 
      17   00:D028                      	db 63,0,7,3,0,0,0,0
      17   00:D028  3F 00 07 03 00 00 00 00 
      18   00:D030                      	db 0,0,0,0,0,0,0,0
      18   00:D030  00 00 00 00 00 00 00 00 
      19   00:D038                      	db 248,0,254,254,0,0,0,0
      19   00:D038  F8 00 FE FE 00 00 00 00 
      20   00:D040                      ;Definition sprite 2, name: Sprite-2
      21   00:D040                      	db 0,255,128,243,18,18,126,195
      21   00:D040  00 FF 80 F3 12 12 7E C3 
      22   00:D048                      	db 255,255,18,18,243,128,255,0
      22   00:D048  FF FF 12 12 F3 80 FF 00 
      23   00:D050                      	db 0,248,8,248,0,0,0,248
      23   00:D050  00 F8 08 F8 00 00 00 F8 
      24   00:D058                      	db 252,248,0,0,248,8,248,0
      24   00:D058  FC F8 00 00 F8 08 F8 00 
      25   00:D060                      ;Definition sprite 3, name: Sprite-2
      26   00:D060                      	db 0,0,127,12,12,12,0,60
      26   00:D060  00 00 7F 0C 0C 0C 00 3C 
      27   00:D068                      	db 0,0,12,12,12,127,0,0
      27   00:D068  00 00 0C 0C 0C 7F 00 00 
      28   00:D070                      	db 0,0,248,0,0,0,0,0
      28   00:D070  00 00 F8 00 00 00 00 00 
      29   00:D078                      	db 0,0,0,0,0,248,0,0
      29   00:D078  00 00 00 00 00 F8 00 00 
      30   00:D080                      ;Definition sprite 4, name: Sprite-2
      31   00:D080                      	db 0,0,0,0,255,255,255,0
      31   00:D080  00 00 00 00 FF FF FF 00 
      32   00:D088                      	db 255,0,255,255,255,0,0,0
      32   00:D088  FF 00 FF FF FF 00 00 00 
      33   00:D090                      	db 0,0,0,0,192,0,192,0
      33   00:D090  00 00 00 00 C0 00 C0 00 
      34   00:D098                      	db 192,0,192,0,192,0,0,0
      34   00:D098  C0 00 C0 00 C0 00 00 00 
      35   00:D0A0                      ;Definition sprite 5, name: Sprite-2
      36   00:D0A0                      	db 0,0,0,0,0,0,0,255
      36   00:D0A0  00 00 00 00 00 00 00 FF 
      37   00:D0A8                      	db 0,255,0,0,0,0,0,0
      37   00:D0A8  00 FF 00 00 00 00 00 00 
      38   00:D0B0                      	db 0,0,0,0,0,0,0,248
      38   00:D0B0  00 00 00 00 00 00 00 F8 
      39   00:D0B8                      	db 4,248,0,0,0,0,0,0
      39   00:D0B8  04 F8 00 00 00 00 00 00 
      40   00:D0C0                      ;Definition sprite 6, name: Sprite-6
      41   00:D0C0                      	db 0,0,0,0,0,0,0,109
      41   00:D0C0  00 00 00 00 00 00 00 6D 
      42   00:D0C8                      	db 118,123,0,0,0,0,0,0
      42   00:D0C8  76 7B 00 00 00 00 00 00 
      43   00:D0D0                      	db 0,0,0,0,0,0,0,182
      43   00:D0D0  00 00 00 00 00 00 00 B6 
      44   00:D0D8                      	db 219,110,0,0,0,0,0,0
      44   00:D0D8  DB 6E 00 00 00 00 00 00 
      45   00:D0E0                      ;Definition sprite 7, name: Sprite-6
      46   00:D0E0                      	db 0,0,0,0,117,106,85,0
      46   00:D0E0  00 00 00 00 75 6A 55 00 
      47   00:D0E8                      	db 0,109,118,123,0,0,0,0
      47   00:D0E8  00 6D 76 7B 00 00 00 00 
      48   00:D0F0                      	db 0,0,0,0,86,171,86,0
      48   00:D0F0  00 00 00 00 56 AB 56 00 
      49   00:D0F8                      	db 0,182,219,110,0,0,0,0
      49   00:D0F8  00 B6 DB 6E 00 00 00 00 
      50   00:D100                      ;Definition sprite 8, name: Sprite-6
      51   00:D100                      	db 0,0,85,106,117,0,117,106
      51   00:D100  00 00 55 6A 75 00 75 6A 
      52   00:D108                      	db 85,0,91,109,118,0,0,0
      52   00:D108  55 00 5B 6D 76 00 00 00 
      53   00:D110                      	db 0,0,86,171,86,0,86,171
      53   00:D110  00 00 56 AB 56 00 56 AB 
      54   00:D118                      	db 86,0,110,183,218,0,0,0
      54   00:D118  56 00 6E B7 DA 00 00 00 
      55   00:D120                      ;Definition sprite 9, name: Sprite-6
      56   00:D120                      	db 117,106,85,0,85,106,117,0
      56   00:D120  75 6A 55 00 55 6A 75 00 
      57   00:D128                      	db 117,106,85,0,91,109,118,0
      57   00:D128  75 6A 55 00 5B 6D 76 00 
      58   00:D130                      	db 86,171,86,0,86,171,86,0
      58   00:D130  56 AB 56 00 56 AB 56 00 
      59   00:D138                      	db 86,171,86,0,110,183,218,0
      59   00:D138  56 AB 56 00 6E B7 DA 00 
      60   00:D140                      ;Definition sprite 10, name: Sprite-30
      61   00:D140                      	db 0,0,0,0,0,1,1,6
      61   00:D140  00 00 00 00 00 01 01 06 
      62   00:D148                      	db 6,1,1,0,0,0,0,0
      62   00:D148  06 01 01 00 00 00 00 00 
      63   00:D150                      	db 0,0,0,0,0,128,128,96
      63   00:D150  00 00 00 00 00 80 80 60 
      64   00:D158                      	db 96,128,128,0,0,0,0,0
      64   00:D158  60 80 80 00 00 00 00 00 
      65   00:D160                      ;Definition sprite 11, name: Sprite-30
      66   00:D160                      	db 0,0,0,0,0,1,3,7
      66   00:D160  00 00 00 00 00 01 03 07 
      67   00:D168                      	db 7,3,1,0,0,0,0,0
      67   00:D168  07 03 01 00 00 00 00 00 
      68   00:D170                      	db 0,0,0,0,0,128,192,224
      68   00:D170  00 00 00 00 00 80 C0 E0 
      69   00:D178                      	db 224,192,128,0,0,0,0,0
      69   00:D178  E0 C0 80 00 00 00 00 00 
      70   00:D180                      ;Definition sprite 12, name: Sprite-30
      71   00:D180                      	db 0,0,0,0,0,1,2,5
      71   00:D180  00 00 00 00 00 01 02 05 
      72   00:D188                      	db 5,2,1,0,0,0,0,0
      72   00:D188  05 02 01 00 00 00 00 00 
      73   00:D190                      	db 0,0,0,0,0,128,64,160
      73   00:D190  00 00 00 00 00 80 40 A0 
      74   00:D198                      	db 160,64,128,0,0,0,0,0
      74   00:D198  A0 40 80 00 00 00 00 00 
      75   00:D1A0                      ;Definition sprite 13, name: Sprite-30
      76   00:D1A0                      	db 0,0,0,0,0,0,0,7
      76   00:D1A0  00 00 00 00 00 00 00 07 
      77   00:D1A8                      	db 7,0,0,0,0,0,0,0
      77   00:D1A8  07 00 00 00 00 00 00 00 
      78   00:D1B0                      	db 0,0,0,0,0,0,0,224
      78   00:D1B0  00 00 00 00 00 00 00 E0 
      79   00:D1B8                      	db 224,0,0,0,0,0,0,0
      79   00:D1B8  E0 00 00 00 00 00 00 00 
      80   00:D1C0                      ;Definition sprite 14, name: Sprite-26
      81   00:D1C0                      	db 128,64,32,50,31,15,15,63
      81   00:D1C0  80 40 20 32 1F 0F 0F 3F 
      82   00:D1C8                      	db 31,31,47,15,16,32,0,0
      82   00:D1C8  1F 1F 2F 0F 10 20 00 00 
      83   00:D1D0                      	db 0,0,0,144,40,208,224,224
      83   00:D1D0  00 00 00 90 28 D0 E0 E0 
      84   00:D1D8                      	db 248,224,240,248,176,24,8,4
      84   00:D1D8  F8 E0 F0 F8 B0 18 08 04 
      85   00:D1E0                      ;Definition sprite 15, name: Sprite-26
      86   00:D1E0                      	db 0,0,0,0,1,4,1,31
      86   00:D1E0  00 00 00 00 01 04 01 1F 
      87   00:D1E8                      	db 11,9,12,7,0,0,0,0
      87   00:D1E8  0B 09 0C 07 00 00 00 00 
      88   00:D1F0                      	db 0,0,0,0,32,192,224,56
      88   00:D1F0  00 00 00 00 20 C0 E0 38 
      89   00:D1F8                      	db 40,168,248,224,0,0,0,0
      89   00:D1F8  28 A8 F8 E0 00 00 00 00 
      90   00:D200                      ;Definition sprite 16, name: Sprite-26
      91   00:D200                      	db 0,0,0,0,0,0,1,1
      91   00:D200  00 00 00 00 00 00 01 01 
      92   00:D208                      	db 1,9,12,0,0,0,0,0
      92   00:D208  01 09 0C 00 00 00 00 00 
      93   00:D210                      	db 0,0,0,0,0,0,32,48
      93   00:D210  00 00 00 00 00 00 20 30 
      94   00:D218                      	db 32,160,0,0,0,0,0,0
      94   00:D218  20 A0 00 00 00 00 00 00 
      95   00:D220                      ;Definition sprite 17, name: Sprite-26
      96   00:D220                      	db 0,0,0,0,0,0,0,0
      96   00:D220  00 00 00 00 00 00 00 00 
      97   00:D228                      	db 0,0,0,0,0,0,0,0
      97   00:D228  00 00 00 00 00 00 00 00 
      98   00:D230                      	db 0,0,0,0,0,0,0,0
      98   00:D230  00 00 00 00 00 00 00 00 
      99   00:D238                      	db 0,0,0,0,0,0,0,0
      99   00:D238  00 00 00 00 00 00 00 00 
     100   00:D240                      ;Definition sprite 18, name: Sprite-7
     101   00:D240                      	db 0,0,0,0,0,0,0,1
     101   00:D240  00 00 00 00 00 00 00 01 
     102   00:D248                      	db 1,1,3,63,63,63,60,60
     102   00:D248  01 01 03 3F 3F 3F 3C 3C 
     103   00:D250                      	db 0,0,0,0,0,0,0,128
     103   00:D250  00 00 00 00 00 00 00 80 
     104   00:D258                      	db 128,128,192,252,252,252,60,60
     104   00:D258  80 80 C0 FC FC FC 3C 3C 
     105   00:D260                      ;Definition sprite 19, name: Sprite-14
     106   00:D260                      	db 32,248,112,112,112,112,113,115
     106   00:D260  20 F8 70 70 70 70 71 73 
     107   00:D268                      	db 114,115,115,251,255,255,240,96
     107   00:D268  72 73 73 FB FF FF F0 60 
     108   00:D270                      	db 4,31,14,14,14,14,206,110
     108   00:D270  04 1F 0E 0E 0E 0E CE 6E 
     109   00:D278                      	db 46,110,110,111,255,255,15,6
     109   00:D278  2E 6E 6E 6F FF FF 0F 06 
     110   00:D280                      ;Definition sprite 20, name: Sprite-22
     111   00:D280                      	db 1,1,2,2,2,2,3,3
     111   00:D280  01 01 02 02 02 02 03 03 
     112   00:D288                      	db 3,3,9,9,15,1,3,2
     112   00:D288  03 03 09 09 0F 01 03 02 
     113   00:D290                      	db 128,128,64,64,64,64,192,192
     113   00:D290  80 80 40 40 40 40 C0 C0 
     114   00:D298                      	db 192,192,144,144,240,128,192,64
     114   00:D298  C0 C0 90 90 F0 80 C0 40 
     115   00:D2A0                      ;Definition sprite 21, name: Sprite-23
     116   00:D2A0                      	db 0,0,12,12,12,12,12,12
     116   00:D2A0  00 00 0C 0C 0C 0C 0C 0C 
     117   00:D2A8                      	db 30,63,30,255,255,187,40,16
     117   00:D2A8  1E 3F 1E FF FF BB 28 10 
     118   00:D2B0                      	db 0,0,0,0,0,0,0,0
     118   00:D2B0  00 00 00 00 00 00 00 00 
     119   00:D2B8                      	db 112,104,102,255,254,212,40,16
     119   00:D2B8  70 68 66 FF FE D4 28 10 
     120   00:D2C0                      ;Definition sprite 22, name: Sprite-24
     121   00:D2C0                      	db 0,8,28,12,2,1,0,0
     121   00:D2C0  00 08 1C 0C 02 01 00 00 
     122   00:D2C8                      	db 0,7,15,127,187,17,187,85
     122   00:D2C8  00 07 0F 7F BB 11 BB 55 
     123   00:D2D0                      	db 0,0,0,0,0,0,128,112
     123   00:D2D0  00 00 00 00 00 00 80 70 
     124   00:D2D8                      	db 80,240,248,254,186,17,186,84
     124   00:D2D8  50 F0 F8 FE BA 11 BA 54 
     125   00:D2E0                      ;Definition sprite 23, name: Sprite-25
     126   00:D2E0                      	db 0,0,0,0,0,0,8,28
     126   00:D2E0  00 00 00 00 00 00 08 1C 
     127   00:D2E8                      	db 14,7,3,31,15,16,41,16
     127   00:D2E8  0E 07 03 1F 0F 10 29 10 
     128   00:D2F0                      	db 0,0,0,0,0,0,0,0
     128   00:D2F0  00 00 00 00 00 00 00 00 
     129   00:D2F8                      	db 0,12,236,132,28,132,74,138
     129   00:D2F8  00 0C EC 84 1C 84 4A 8A 
     130   00:D300                      ;Definition sprite 24, name: Sprite-34
     131   00:D300                      	db 53,58,53,58,53,63,63,63
     131   00:D300  35 3A 35 3A 35 3F 3F 3F 
     132   00:D308                      	db 3,6,6,3,1,1,1,0
     132   00:D308  03 06 06 03 01 01 01 00 
     133   00:D310                      	db 92,172,92,172,92,252,252,252
     133   00:D310  5C AC 5C AC 5C FC FC FC 
     134   00:D318                      	db 192,96,96,192,128,128,128,0
     134   00:D318  C0 60 60 C0 80 80 80 00 
     135   00:D320                      ;Definition sprite 25, name: Sprite-35
     136   00:D320                      	db 25,114,102,198,204,204,204,252
     136   00:D320  19 72 66 C6 CC CC CC FC 
     137   00:D328                      	db 252,31,7,3,6,12,6,0
     137   00:D328  FC 1F 07 03 06 0C 06 00 
     138   00:D330                      	db 140,70,102,99,51,51,51,63
     138   00:D330  8C 46 66 63 33 33 33 3F 
     139   00:D338                      	db 63,240,192,128,192,96,192,0
     139   00:D338  3F F0 C0 80 C0 60 C0 00 
     140   00:D340                      ;Definition sprite 26, name: Sprite-37
     141   00:D340                      	db 1,1,1,1,1,131,143,248
     141   00:D340  01 01 01 01 01 83 8F F8 
     142   00:D348                      	db 251,8,15,1,1,1,1,0
     142   00:D348  FB 08 0F 01 01 01 01 00 
     143   00:D350                      	db 128,128,128,128,128,193,241,31
     143   00:D350  80 80 80 80 80 C1 F1 1F 
     144   00:D358                      	db 223,16,240,128,128,128,128,0
     144   00:D358  DF 10 F0 80 80 80 80 00 
     145   00:D360                      ;Definition sprite 27, name: Sprite-36
     146   00:D360                      	db 3,7,13,30,30,13,7,3
     146   00:D360  03 07 0D 1E 1E 0D 07 03 
     147   00:D368                      	db 3,7,13,30,30,13,7,3
     147   00:D368  03 07 0D 1E 1E 0D 07 03 
     148   00:D370                      	db 192,224,176,120,120,176,224,192
     148   00:D370  C0 E0 B0 78 78 B0 E0 C0 
     149   00:D378                      	db 192,224,176,120,120,176,224,192
     149   00:D378  C0 E0 B0 78 78 B0 E0 C0 
     150   00:D380                      ;Definition sprite 28, name: Sprite-38
     151   00:D380                      	db 1,0,0,1,3,3,1,0
     151   00:D380  01 00 00 01 03 03 01 00 
     152   00:D388                      	db 0,1,3,3,1,7,5,7
     152   00:D388  00 01 03 03 01 07 05 07 
     153   00:D390                      	db 128,192,192,128,0,0,128,192
     153   00:D390  80 C0 C0 80 00 00 80 C0 
     154   00:D398                      	db 192,128,0,0,128,224,160,224
     154   00:D398  C0 80 00 00 80 E0 A0 E0 
     155   00:D3A0                      ;Definition sprite 29, name: Sprite-39
     156   00:D3A0                      	db 6,7,7,6,7,7,51,49
     156   00:D3A0  06 07 07 06 07 07 33 31 
     157   00:D3A8                      	db 55,62,54,55,49,3,2,0
     157   00:D3A8  37 3E 36 37 31 03 02 00 
     158   00:D3B0                      	db 48,112,112,48,240,240,230,70
     158   00:D3B0  30 70 70 30 F0 F0 E6 46 
     159   00:D3B8                      	db 246,190,54,246,198,224,32,0
     159   00:D3B8  F6 BE 36 F6 C6 E0 20 00 
     160   00:D3C0                      ;Definition sprite 30, name: Sprite-8
     161   00:D3C0                      	db 0,0,1,7,1,0,0,0
     161   00:D3C0  00 00 01 07 01 00 00 00 
     162   00:D3C8                      	db 0,0,1,7,1,0,0,0
     162   00:D3C8  00 00 01 07 01 00 00 00 
     163   00:D3D0                      	db 0,0,224,248,252,62,31,15
     163   00:D3D0  00 00 E0 F8 FC 3E 1F 0F 
     164   00:D3D8                      	db 31,63,254,252,224,0,0,0
     164   00:D3D8  1F 3F FE FC E0 00 00 00 
     165   00:D3E0                      ;Definition sprite 31, name: No_name9
     166   00:D3E0                      	db 0,0,0,0,1,3,127,3
     166   00:D3E0  00 00 00 00 01 03 7F 03 
     167   00:D3E8                      	db 3,127,3,1,0,0,0,0
     167   00:D3E8  03 7F 03 01 00 00 00 00 
     168   00:D3F0                      	db 0,28,52,116,244,246,252,248
     168   00:D3F0  00 1C 34 74 F4 F6 FC F8 
     169   00:D3F8                      	db 248,252,246,244,116,52,28,0
     169   00:D3F8  F8 FC F6 F4 74 34 1C 00 
     170   00:D400                      ;Definition sprite 32, name: Sprite_name10
     171   00:D400                      	db 0,0,0,0,1,2,123,187
     171   00:D400  00 00 00 00 01 02 7B BB 
     172   00:D408                      	db 187,123,2,1,0,0,0,0
     172   00:D408  BB 7B 02 01 00 00 00 00 
     173   00:D410                      	db 30,32,94,190,126,248,255,255
     173   00:D410  1E 20 5E BE 7E F8 FF FF 
     174   00:D418                      	db 255,255,248,126,190,94,32,30
     174   00:D418  FF FF F8 7E BE 5E 20 1E 
     175   00:D420                      ;Definition sprite 33, name: Sprite-11
     176   00:D420                      	db 0,0,0,0,6,4,30,47
     176   00:D420  00 00 00 00 06 04 1E 2F 
     177   00:D428                      	db 47,30,4,6,0,0,0,0
     177   00:D428  2F 1E 04 06 00 00 00 00 
     178   00:D430                      	db 30,62,127,255,224,254,254,254
     178   00:D430  1E 3E 7F FF E0 FE FE FE 
     179   00:D438                      	db 254,254,224,255,255,126,62,30
     179   00:D438  FE FE E0 FF FF 7E 3E 1E 
     180   00:D440                      ;Definition sprite 34, name: Sprite-12
     181   00:D440                      	db 0,15,23,15,0,1,126,191
     181   00:D440  00 0F 17 0F 00 01 7E BF 
     182   00:D448                      	db 191,126,1,0,15,23,15,0
     182   00:D448  BF 7E 01 00 0F 17 0F 00 
     183   00:D450                      	db 4,255,252,255,228,128,240,64
     183   00:D450  04 FF FC FF E4 80 F0 40 
     184   00:D458                      	db 64,240,128,228,255,252,255,4
     184   00:D458  40 F0 80 E4 FF FC FF 04 
     185   00:D460                      ;Definition sprite 35, name: Sprite-13
     186   00:D460                      	db 15,15,1,1,1,1,1,125
     186   00:D460  0F 0F 01 01 01 01 01 7D 
     187   00:D468                      	db 253,125,1,1,1,1,15,15
     187   00:D468  FD 7D 01 01 01 01 0F 0F 
     188   00:D470                      	db 224,224,128,192,224,240,248,87
     188   00:D470  E0 E0 80 C0 E0 F0 F8 57 
     189   00:D478                      	db 87,248,240,224,192,128,224,224
     189   00:D478  57 F8 F0 E0 C0 80 E0 E0 
     190   00:D480                      ;Definition sprite 36, name: Sprite-14
     191   00:D480                      	db 0,0,0,63,255,0,0,7
     191   00:D480  00 00 00 3F FF 00 00 07 
     192   00:D488                      	db 15,7,1,0,255,63,0,0
     192   00:D488  0F 07 01 00 FF 3F 00 00 
     193   00:D490                      	db 4,14,63,254,255,30,238,132
     193   00:D490  04 0E 3F FE FF 1E EE 84 
     194   00:D498                      	db 128,132,238,31,254,254,15,4
     194   00:D498  80 84 EE 1F FE FE 0F 04 
     195   00:D4A0                      ;Definition sprite 37, name: Sprite-15
     196   00:D4A0                      	db 0,0,0,1,3,31,241,44
     196   00:D4A0  00 00 00 01 03 1F F1 2C 
     197   00:D4A8                      	db 44,241,31,15,7,3,0,0
     197   00:D4A8  2C F1 1F 0F 07 03 00 00 
     198   00:D4B0                      	db 6,102,226,238,240,192,220,28
     198   00:D4B0  06 66 E2 EE F0 C0 DC 1C 
     199   00:D4B8                      	db 28,220,192,240,238,226,230,102
     199   00:D4B8  1C DC C0 F0 EE E2 E6 66 
     200   00:D4C0                      ;Definition sprite 38, name: Sprite-16
     201   00:D4C0                      	db 31,63,31,0,31,7,0,3
     201   00:D4C0  1F 3F 1F 00 1F 07 00 03 
     202   00:D4C8                      	db 0,7,31,0,31,63,31,0
     202   00:D4C8  00 07 1F 00 1F 3F 1F 00 
     203   00:D4D0                      	db 192,240,216,12,230,243,255,255
     203   00:D4D0  C0 F0 D8 0C E6 F3 FF FF 
     204   00:D4D8                      	db 255,243,230,12,216,240,192,0
     204   00:D4D8  FF F3 E6 0C D8 F0 C0 00 
     205   00:D4E0                      ;Definition sprite 39, name: Sprite-17
     206   00:D4E0                      	db 0,0,0,0,0,0,31,243
     206   00:D4E0  00 00 00 00 00 00 1F F3 
     207   00:D4E8                      	db 31,0,0,0,0,0,0,0
     207   00:D4E8  1F 00 00 00 00 00 00 00 
     208   00:D4F0                      	db 224,240,248,252,255,255,255,252
     208   00:D4F0  E0 F0 F8 FC FF FF FF FC 
     209   00:D4F8                      	db 252,255,255,252,248,240,224,192
     209   00:D4F8  FC FF FF FC F8 F0 E0 C0 
     210   00:D500                      
     211   00:D500                      FINAL: 

    LABELS
-------------------------------------------------
00:0000D000   INICIO
00:0000D000 X sprites_definition
00:0000D500   FINAL


 Output: assets\sprites.out
-------------------------------------------------

 Page: 00
  Org: 0000D000  Size: *  Used: 00000000

    No output

 Output: sprites.bin
-------------------------------------------------

 Page: 00
  Org: 0000D000  Size: *  Used: 00000507

   Address   Length Align   Label
   0000D000    1287         INICIO
